
> start
> node out/index.js

Scrape completed Sun Jan 21 2024 18:57:19 GMT+0800 (Australian Western Standard Time)
Scrape completed Sun Jan 21 2024 19:02:13 GMT+0800 (Australian Western Standard Time)
Scrape completed Sun Jan 21 2024 19:07:11 GMT+0800 (Australian Western Standard Time)
Scrape completed Sun Jan 21 2024 19:12:12 GMT+0800 (Australian Western Standard Time)
Scrape completed Sun Jan 21 2024 19:17:12 GMT+0800 (Australian Western Standard Time)
Scrape completed Sun Jan 21 2024 19:22:12 GMT+0800 (Australian Western Standard Time)
npm ERR! Missing script: "script"
npm ERR! 
npm ERR! To see a list of scripts, run:
npm ERR!   npm run

npm ERR! A complete log of this run can be found in: /home/nate-pi/.npm/_logs/2024-01-21T12_08_02_499Z-debug-0.log

> start
> node out/index.js

Scrape completed Sun Jan 21 2024 20:24:08 GMT+0800 (Australian Western Standard Time)
Scrape completed Sun Jan 21 2024 20:29:08 GMT+0800 (Australian Western Standard Time)
Scrape completed Sun Jan 21 2024 20:34:07 GMT+0800 (Australian Western Standard Time)
Scrape completed Sun Jan 21 2024 20:39:07 GMT+0800 (Australian Western Standard Time)
Scrape completed Sun Jan 21 2024 20:44:07 GMT+0800 (Australian Western Standard Time)
Scrape completed Sun Jan 21 2024 20:49:07 GMT+0800 (Australian Western Standard Time)
Scrape completed Sun Jan 21 2024 20:54:07 GMT+0800 (Australian Western Standard Time)
Scrape completed Sun Jan 21 2024 20:59:07 GMT+0800 (Australian Western Standard Time)
Scrape completed Sun Jan 21 2024 21:04:07 GMT+0800 (Australian Western Standard Time)
Scrape completed Sun Jan 21 2024 21:09:09 GMT+0800 (Australian Western Standard Time)
Scrape completed Sun Jan 21 2024 21:14:08 GMT+0800 (Australian Western Standard Time)
Scrape completed Sun Jan 21 2024 21:19:07 GMT+0800 (Australian Western Standard Time)
Scrape completed Sun Jan 21 2024 21:24:08 GMT+0800 (Australian Western Standard Time)
Scrape completed Sun Jan 21 2024 21:29:08 GMT+0800 (Australian Western Standard Time)
Scrape completed Sun Jan 21 2024 21:34:09 GMT+0800 (Australian Western Standard Time)
Scrape completed Sun Jan 21 2024 21:39:10 GMT+0800 (Australian Western Standard Time)
Scrape completed Sun Jan 21 2024 21:44:08 GMT+0800 (Australian Western Standard Time)
Scrape completed Sun Jan 21 2024 21:49:09 GMT+0800 (Australian Western Standard Time)
Scrape completed Sun Jan 21 2024 21:54:08 GMT+0800 (Australian Western Standard Time)
Scrape completed Sun Jan 21 2024 21:59:09 GMT+0800 (Australian Western Standard Time)
Scrape completed Sun Jan 21 2024 22:04:09 GMT+0800 (Australian Western Standard Time)
Scrape completed Sun Jan 21 2024 22:09:15 GMT+0800 (Australian Western Standard Time)
Scrape completed Sun Jan 21 2024 22:14:08 GMT+0800 (Australian Western Standard Time)
Scrape completed Sun Jan 21 2024 22:19:09 GMT+0800 (Australian Western Standard Time)
Scrape completed Sun Jan 21 2024 22:24:09 GMT+0800 (Australian Western Standard Time)
Scrape completed Sun Jan 21 2024 22:29:13 GMT+0800 (Australian Western Standard Time)
Scrape completed Sun Jan 21 2024 22:34:14 GMT+0800 (Australian Western Standard Time)
Scrape completed Sun Jan 21 2024 22:39:09 GMT+0800 (Australian Western Standard Time)
Scrape completed Sun Jan 21 2024 22:44:10 GMT+0800 (Australian Western Standard Time)
Scrape completed Sun Jan 21 2024 22:49:09 GMT+0800 (Australian Western Standard Time)
Scrape completed Sun Jan 21 2024 22:54:09 GMT+0800 (Australian Western Standard Time)
Scrape completed Sun Jan 21 2024 22:59:10 GMT+0800 (Australian Western Standard Time)
Scrape completed Sun Jan 21 2024 23:04:10 GMT+0800 (Australian Western Standard Time)
Scrape completed Sun Jan 21 2024 23:09:09 GMT+0800 (Australian Western Standard Time)
Scrape completed Sun Jan 21 2024 23:14:10 GMT+0800 (Australian Western Standard Time)
Scrape completed Sun Jan 21 2024 23:19:11 GMT+0800 (Australian Western Standard Time)
Scrape completed Sun Jan 21 2024 23:24:10 GMT+0800 (Australian Western Standard Time)
Scrape completed Sun Jan 21 2024 23:29:10 GMT+0800 (Australian Western Standard Time)
Scrape completed Sun Jan 21 2024 23:34:09 GMT+0800 (Australian Western Standard Time)
Scrape completed Sun Jan 21 2024 23:39:13 GMT+0800 (Australian Western Standard Time)
Scrape completed Sun Jan 21 2024 23:44:11 GMT+0800 (Australian Western Standard Time)
Scrape completed Sun Jan 21 2024 23:49:10 GMT+0800 (Australian Western Standard Time)
Scrape completed Sun Jan 21 2024 23:54:10 GMT+0800 (Australian Western Standard Time)
Scrape completed Sun Jan 21 2024 23:59:10 GMT+0800 (Australian Western Standard Time)
Scrape completed Mon Jan 22 2024 00:04:11 GMT+0800 (Australian Western Standard Time)
Scrape completed Mon Jan 22 2024 00:09:10 GMT+0800 (Australian Western Standard Time)
Scrape completed Mon Jan 22 2024 00:14:12 GMT+0800 (Australian Western Standard Time)
Scrape completed Mon Jan 22 2024 00:19:11 GMT+0800 (Australian Western Standard Time)
Scrape completed Mon Jan 22 2024 00:24:11 GMT+0800 (Australian Western Standard Time)
Scrape completed Mon Jan 22 2024 00:29:12 GMT+0800 (Australian Western Standard Time)
Scrape completed Mon Jan 22 2024 00:34:12 GMT+0800 (Australian Western Standard Time)
Scrape completed Mon Jan 22 2024 00:39:11 GMT+0800 (Australian Western Standard Time)
Scrape completed Mon Jan 22 2024 00:44:12 GMT+0800 (Australian Western Standard Time)
Scrape completed Mon Jan 22 2024 00:49:11 GMT+0800 (Australian Western Standard Time)
Scrape completed Mon Jan 22 2024 00:54:12 GMT+0800 (Australian Western Standard Time)
Scrape completed Mon Jan 22 2024 00:59:12 GMT+0800 (Australian Western Standard Time)
Scrape completed Mon Jan 22 2024 01:04:12 GMT+0800 (Australian Western Standard Time)
Scrape completed Mon Jan 22 2024 01:09:12 GMT+0800 (Australian Western Standard Time)
Scrape completed Mon Jan 22 2024 01:14:12 GMT+0800 (Australian Western Standard Time)
Scrape completed Mon Jan 22 2024 01:19:12 GMT+0800 (Australian Western Standard Time)
Scrape completed Mon Jan 22 2024 01:24:12 GMT+0800 (Australian Western Standard Time)
Scrape completed Mon Jan 22 2024 01:29:12 GMT+0800 (Australian Western Standard Time)
Scrape completed Mon Jan 22 2024 01:34:12 GMT+0800 (Australian Western Standard Time)
Scrape completed Mon Jan 22 2024 01:39:12 GMT+0800 (Australian Western Standard Time)
Scrape completed Mon Jan 22 2024 01:44:13 GMT+0800 (Australian Western Standard Time)
Scrape completed Mon Jan 22 2024 01:49:12 GMT+0800 (Australian Western Standard Time)
Scrape completed Mon Jan 22 2024 01:54:13 GMT+0800 (Australian Western Standard Time)
Scrape completed Mon Jan 22 2024 01:59:13 GMT+0800 (Australian Western Standard Time)
Scrape completed Mon Jan 22 2024 02:04:13 GMT+0800 (Australian Western Standard Time)
Scrape completed Mon Jan 22 2024 02:09:12 GMT+0800 (Australian Western Standard Time)
Scrape completed Mon Jan 22 2024 02:14:12 GMT+0800 (Australian Western Standard Time)
Scrape completed Mon Jan 22 2024 02:19:13 GMT+0800 (Australian Western Standard Time)
Scrape completed Mon Jan 22 2024 02:24:12 GMT+0800 (Australian Western Standard Time)
Scrape completed Mon Jan 22 2024 02:29:14 GMT+0800 (Australian Western Standard Time)
Scrape completed Mon Jan 22 2024 02:34:13 GMT+0800 (Australian Western Standard Time)
Scrape completed Mon Jan 22 2024 02:39:13 GMT+0800 (Australian Western Standard Time)
Scrape completed Mon Jan 22 2024 02:44:13 GMT+0800 (Australian Western Standard Time)
Scrape completed Mon Jan 22 2024 02:49:13 GMT+0800 (Australian Western Standard Time)
Scrape completed Mon Jan 22 2024 02:54:13 GMT+0800 (Australian Western Standard Time)
Scrape completed Mon Jan 22 2024 02:59:13 GMT+0800 (Australian Western Standard Time)
Scrape completed Mon Jan 22 2024 03:04:13 GMT+0800 (Australian Western Standard Time)
Scrape completed Mon Jan 22 2024 03:09:14 GMT+0800 (Australian Western Standard Time)
Scrape completed Mon Jan 22 2024 03:14:14 GMT+0800 (Australian Western Standard Time)
Scrape completed Mon Jan 22 2024 03:19:13 GMT+0800 (Australian Western Standard Time)
Scrape completed Mon Jan 22 2024 03:24:14 GMT+0800 (Australian Western Standard Time)
Scrape completed Mon Jan 22 2024 03:29:14 GMT+0800 (Australian Western Standard Time)
Scrape completed Mon Jan 22 2024 03:34:14 GMT+0800 (Australian Western Standard Time)
Scrape completed Mon Jan 22 2024 03:39:14 GMT+0800 (Australian Western Standard Time)
Scrape completed Mon Jan 22 2024 03:44:14 GMT+0800 (Australian Western Standard Time)
Scrape completed Mon Jan 22 2024 03:49:16 GMT+0800 (Australian Western Standard Time)
Scrape completed Mon Jan 22 2024 03:54:14 GMT+0800 (Australian Western Standard Time)
Scrape completed Mon Jan 22 2024 03:59:15 GMT+0800 (Australian Western Standard Time)
Scrape completed Mon Jan 22 2024 04:04:14 GMT+0800 (Australian Western Standard Time)
Scrape completed Mon Jan 22 2024 04:09:14 GMT+0800 (Australian Western Standard Time)
Scrape completed Mon Jan 22 2024 04:14:15 GMT+0800 (Australian Western Standard Time)
Scrape completed Mon Jan 22 2024 04:19:14 GMT+0800 (Australian Western Standard Time)
Scrape completed Mon Jan 22 2024 04:24:15 GMT+0800 (Australian Western Standard Time)
Scrape completed Mon Jan 22 2024 04:29:16 GMT+0800 (Australian Western Standard Time)
Scrape completed Mon Jan 22 2024 04:34:16 GMT+0800 (Australian Western Standard Time)
Scrape completed Mon Jan 22 2024 04:39:15 GMT+0800 (Australian Western Standard Time)
Scrape completed Mon Jan 22 2024 04:44:16 GMT+0800 (Australian Western Standard Time)
Scrape completed Mon Jan 22 2024 04:49:15 GMT+0800 (Australian Western Standard Time)
Scrape completed Mon Jan 22 2024 04:54:15 GMT+0800 (Australian Western Standard Time)
Scrape completed Mon Jan 22 2024 04:59:15 GMT+0800 (Australian Western Standard Time)
Scrape completed Mon Jan 22 2024 05:04:15 GMT+0800 (Australian Western Standard Time)
Scrape completed Mon Jan 22 2024 05:09:15 GMT+0800 (Australian Western Standard Time)
Scrape completed Mon Jan 22 2024 05:14:16 GMT+0800 (Australian Western Standard Time)
Scrape completed Mon Jan 22 2024 05:19:15 GMT+0800 (Australian Western Standard Time)
Scrape completed Mon Jan 22 2024 05:24:15 GMT+0800 (Australian Western Standard Time)
Scrape completed Mon Jan 22 2024 05:29:16 GMT+0800 (Australian Western Standard Time)
Scrape completed Mon Jan 22 2024 05:34:16 GMT+0800 (Australian Western Standard Time)
Scrape completed Mon Jan 22 2024 05:39:16 GMT+0800 (Australian Western Standard Time)
Scrape completed Mon Jan 22 2024 05:44:16 GMT+0800 (Australian Western Standard Time)
Scrape completed Mon Jan 22 2024 05:49:16 GMT+0800 (Australian Western Standard Time)
Scrape completed Mon Jan 22 2024 05:54:16 GMT+0800 (Australian Western Standard Time)
Scrape completed Mon Jan 22 2024 05:59:18 GMT+0800 (Australian Western Standard Time)
Scrape completed Mon Jan 22 2024 06:04:17 GMT+0800 (Australian Western Standard Time)
Scrape completed Mon Jan 22 2024 06:09:17 GMT+0800 (Australian Western Standard Time)
Scrape completed Mon Jan 22 2024 06:14:16 GMT+0800 (Australian Western Standard Time)
Scrape completed Mon Jan 22 2024 06:19:16 GMT+0800 (Australian Western Standard Time)
Scrape completed Mon Jan 22 2024 06:24:16 GMT+0800 (Australian Western Standard Time)
Scrape completed Mon Jan 22 2024 06:29:18 GMT+0800 (Australian Western Standard Time)
Scrape completed Mon Jan 22 2024 06:34:18 GMT+0800 (Australian Western Standard Time)
Scrape completed Mon Jan 22 2024 06:39:17 GMT+0800 (Australian Western Standard Time)
Scrape completed Mon Jan 22 2024 06:44:18 GMT+0800 (Australian Western Standard Time)
Scrape completed Mon Jan 22 2024 06:49:17 GMT+0800 (Australian Western Standard Time)
Scrape completed Mon Jan 22 2024 06:54:17 GMT+0800 (Australian Western Standard Time)
Scrape completed Mon Jan 22 2024 06:59:18 GMT+0800 (Australian Western Standard Time)
Scrape completed Mon Jan 22 2024 07:04:17 GMT+0800 (Australian Western Standard Time)
Scrape completed Mon Jan 22 2024 07:09:19 GMT+0800 (Australian Western Standard Time)
Scrape completed Mon Jan 22 2024 07:14:23 GMT+0800 (Australian Western Standard Time)
Scrape completed Mon Jan 22 2024 07:19:18 GMT+0800 (Australian Western Standard Time)
Scrape completed Mon Jan 22 2024 07:24:18 GMT+0800 (Australian Western Standard Time)
Scrape completed Mon Jan 22 2024 07:29:18 GMT+0800 (Australian Western Standard Time)
Scrape completed Mon Jan 22 2024 07:34:18 GMT+0800 (Australian Western Standard Time)
Scrape completed Mon Jan 22 2024 07:39:18 GMT+0800 (Australian Western Standard Time)
Scrape completed Mon Jan 22 2024 07:44:18 GMT+0800 (Australian Western Standard Time)
Scrape completed Mon Jan 22 2024 07:49:19 GMT+0800 (Australian Western Standard Time)
Scrape completed Mon Jan 22 2024 07:54:18 GMT+0800 (Australian Western Standard Time)
Scrape completed Mon Jan 22 2024 07:59:18 GMT+0800 (Australian Western Standard Time)
Scrape completed Mon Jan 22 2024 08:04:18 GMT+0800 (Australian Western Standard Time)
Scrape completed Mon Jan 22 2024 08:09:18 GMT+0800 (Australian Western Standard Time)
Scrape completed Mon Jan 22 2024 08:14:18 GMT+0800 (Australian Western Standard Time)
Scrape completed Mon Jan 22 2024 08:19:18 GMT+0800 (Australian Western Standard Time)
Scrape completed Mon Jan 22 2024 08:24:20 GMT+0800 (Australian Western Standard Time)
Scrape completed Mon Jan 22 2024 08:29:20 GMT+0800 (Australian Western Standard Time)
Scrape completed Mon Jan 22 2024 08:34:20 GMT+0800 (Australian Western Standard Time)
Scrape completed Mon Jan 22 2024 08:39:19 GMT+0800 (Australian Western Standard Time)
Scrape completed Mon Jan 22 2024 08:44:19 GMT+0800 (Australian Western Standard Time)
Scrape completed Mon Jan 22 2024 08:49:20 GMT+0800 (Australian Western Standard Time)
Scrape completed Mon Jan 22 2024 08:54:20 GMT+0800 (Australian Western Standard Time)
Scrape completed Mon Jan 22 2024 08:59:19 GMT+0800 (Australian Western Standard Time)
Scrape completed Mon Jan 22 2024 09:04:19 GMT+0800 (Australian Western Standard Time)
Scrape completed Mon Jan 22 2024 09:09:25 GMT+0800 (Australian Western Standard Time)
Scrape completed Mon Jan 22 2024 09:14:19 GMT+0800 (Australian Western Standard Time)
Scrape completed Mon Jan 22 2024 09:19:20 GMT+0800 (Australian Western Standard Time)
Scrape completed Mon Jan 22 2024 09:24:20 GMT+0800 (Australian Western Standard Time)
Scrape completed Mon Jan 22 2024 09:29:20 GMT+0800 (Australian Western Standard Time)
Scrape completed Mon Jan 22 2024 09:34:20 GMT+0800 (Australian Western Standard Time)
Scrape completed Mon Jan 22 2024 09:39:20 GMT+0800 (Australian Western Standard Time)
Scrape completed Mon Jan 22 2024 09:44:20 GMT+0800 (Australian Western Standard Time)
Scrape completed Mon Jan 22 2024 09:49:20 GMT+0800 (Australian Western Standard Time)
Scrape completed Mon Jan 22 2024 09:54:20 GMT+0800 (Australian Western Standard Time)
Scrape completed Mon Jan 22 2024 09:59:20 GMT+0800 (Australian Western Standard Time)
Scrape completed Mon Jan 22 2024 10:04:20 GMT+0800 (Australian Western Standard Time)
Scrape completed Mon Jan 22 2024 10:09:21 GMT+0800 (Australian Western Standard Time)
Scrape completed Mon Jan 22 2024 10:14:20 GMT+0800 (Australian Western Standard Time)
Scrape completed Mon Jan 22 2024 10:19:20 GMT+0800 (Australian Western Standard Time)
Scrape completed Mon Jan 22 2024 10:24:21 GMT+0800 (Australian Western Standard Time)
Scrape completed Mon Jan 22 2024 10:29:22 GMT+0800 (Australian Western Standard Time)
Scrape completed Mon Jan 22 2024 10:34:22 GMT+0800 (Australian Western Standard Time)
Scrape completed Mon Jan 22 2024 10:39:21 GMT+0800 (Australian Western Standard Time)
Scrape completed Mon Jan 22 2024 10:44:21 GMT+0800 (Australian Western Standard Time)
Scrape completed Mon Jan 22 2024 10:49:21 GMT+0800 (Australian Western Standard Time)
Scrape completed Mon Jan 22 2024 10:54:22 GMT+0800 (Australian Western Standard Time)
Scrape completed Mon Jan 22 2024 10:59:26 GMT+0800 (Australian Western Standard Time)
Scrape completed Mon Jan 22 2024 11:04:21 GMT+0800 (Australian Western Standard Time)
Scrape completed Mon Jan 22 2024 11:09:22 GMT+0800 (Australian Western Standard Time)
Scrape completed Mon Jan 22 2024 11:14:22 GMT+0800 (Australian Western Standard Time)
Scrape completed Mon Jan 22 2024 11:19:22 GMT+0800 (Australian Western Standard Time)
Scrape completed Mon Jan 22 2024 11:24:22 GMT+0800 (Australian Western Standard Time)
Scrape completed Mon Jan 22 2024 11:29:22 GMT+0800 (Australian Western Standard Time)
Scrape completed Mon Jan 22 2024 11:34:22 GMT+0800 (Australian Western Standard Time)
Scrape completed Mon Jan 22 2024 11:39:22 GMT+0800 (Australian Western Standard Time)
Scrape completed Mon Jan 22 2024 11:44:22 GMT+0800 (Australian Western Standard Time)
Scrape completed Mon Jan 22 2024 11:49:22 GMT+0800 (Australian Western Standard Time)
Scrape completed Mon Jan 22 2024 11:54:23 GMT+0800 (Australian Western Standard Time)
Scrape completed Mon Jan 22 2024 11:59:23 GMT+0800 (Australian Western Standard Time)
Scrape completed Mon Jan 22 2024 12:04:22 GMT+0800 (Australian Western Standard Time)
Scrape completed Mon Jan 22 2024 12:09:23 GMT+0800 (Australian Western Standard Time)
Scrape completed Mon Jan 22 2024 12:14:23 GMT+0800 (Australian Western Standard Time)
Scrape completed Mon Jan 22 2024 12:19:23 GMT+0800 (Australian Western Standard Time)
Scrape completed Mon Jan 22 2024 12:24:23 GMT+0800 (Australian Western Standard Time)
Scrape completed Mon Jan 22 2024 12:29:24 GMT+0800 (Australian Western Standard Time)
Scrape completed Mon Jan 22 2024 12:34:24 GMT+0800 (Australian Western Standard Time)
Scrape completed Mon Jan 22 2024 12:39:23 GMT+0800 (Australian Western Standard Time)
Scrape completed Mon Jan 22 2024 12:44:24 GMT+0800 (Australian Western Standard Time)
Scrape completed Mon Jan 22 2024 12:49:32 GMT+0800 (Australian Western Standard Time)
Scrape completed Mon Jan 22 2024 12:54:24 GMT+0800 (Australian Western Standard Time)
Scrape completed Mon Jan 22 2024 12:59:24 GMT+0800 (Australian Western Standard Time)
Scrape completed Mon Jan 22 2024 13:04:24 GMT+0800 (Australian Western Standard Time)
Scrape completed Mon Jan 22 2024 13:09:24 GMT+0800 (Australian Western Standard Time)
Scrape completed Mon Jan 22 2024 13:14:24 GMT+0800 (Australian Western Standard Time)
Scrape completed Mon Jan 22 2024 13:19:24 GMT+0800 (Australian Western Standard Time)
Scrape completed Mon Jan 22 2024 13:24:24 GMT+0800 (Australian Western Standard Time)
Scrape completed Mon Jan 22 2024 13:29:24 GMT+0800 (Australian Western Standard Time)
Scrape completed Mon Jan 22 2024 13:34:25 GMT+0800 (Australian Western Standard Time)
Scrape completed Mon Jan 22 2024 13:39:24 GMT+0800 (Australian Western Standard Time)
Scrape completed Mon Jan 22 2024 13:44:25 GMT+0800 (Australian Western Standard Time)
Scrape completed Mon Jan 22 2024 13:49:24 GMT+0800 (Australian Western Standard Time)
Scrape completed Mon Jan 22 2024 13:54:25 GMT+0800 (Australian Western Standard Time)
Scrape completed Mon Jan 22 2024 13:59:25 GMT+0800 (Australian Western Standard Time)
Scrape completed Mon Jan 22 2024 14:04:46 GMT+0800 (Australian Western Standard Time)
Scrape completed Mon Jan 22 2024 14:09:45 GMT+0800 (Australian Western Standard Time)
Scrape completed Mon Jan 22 2024 14:14:45 GMT+0800 (Australian Western Standard Time)
Scrape completed Mon Jan 22 2024 14:19:45 GMT+0800 (Australian Western Standard Time)
Scrape completed Mon Jan 22 2024 14:24:45 GMT+0800 (Australian Western Standard Time)
Scrape completed Mon Jan 22 2024 14:29:46 GMT+0800 (Australian Western Standard Time)
Scrape completed Mon Jan 22 2024 14:34:46 GMT+0800 (Australian Western Standard Time)
Scrape completed Mon Jan 22 2024 14:39:46 GMT+0800 (Australian Western Standard Time)
Scrape completed Mon Jan 22 2024 14:44:45 GMT+0800 (Australian Western Standard Time)
Scrape completed Mon Jan 22 2024 14:49:45 GMT+0800 (Australian Western Standard Time)
Scrape completed Mon Jan 22 2024 14:54:45 GMT+0800 (Australian Western Standard Time)
Scrape completed Mon Jan 22 2024 14:59:46 GMT+0800 (Australian Western Standard Time)
Scrape completed Mon Jan 22 2024 15:04:46 GMT+0800 (Australian Western Standard Time)
Scrape completed Mon Jan 22 2024 15:09:48 GMT+0800 (Australian Western Standard Time)
Scrape completed Mon Jan 22 2024 15:14:46 GMT+0800 (Australian Western Standard Time)
Scrape completed Mon Jan 22 2024 15:19:46 GMT+0800 (Australian Western Standard Time)
Scrape completed Mon Jan 22 2024 15:24:46 GMT+0800 (Australian Western Standard Time)
Scrape completed Mon Jan 22 2024 15:29:46 GMT+0800 (Australian Western Standard Time)
Scrape completed Mon Jan 22 2024 15:34:46 GMT+0800 (Australian Western Standard Time)
Scrape completed Mon Jan 22 2024 15:39:46 GMT+0800 (Australian Western Standard Time)
Scrape completed Mon Jan 22 2024 15:44:47 GMT+0800 (Australian Western Standard Time)
Scrape completed Mon Jan 22 2024 15:49:46 GMT+0800 (Australian Western Standard Time)
Scrape completed Mon Jan 22 2024 15:54:46 GMT+0800 (Australian Western Standard Time)
Scrape completed Mon Jan 22 2024 15:59:47 GMT+0800 (Australian Western Standard Time)
Scrape completed Mon Jan 22 2024 16:04:50 GMT+0800 (Australian Western Standard Time)
Scrape completed Mon Jan 22 2024 16:09:47 GMT+0800 (Australian Western Standard Time)
Scrape completed Mon Jan 22 2024 16:14:47 GMT+0800 (Australian Western Standard Time)
Scrape completed Mon Jan 22 2024 16:19:48 GMT+0800 (Australian Western Standard Time)
Scrape completed Mon Jan 22 2024 16:24:47 GMT+0800 (Australian Western Standard Time)
Scrape completed Mon Jan 22 2024 16:29:49 GMT+0800 (Australian Western Standard Time)
Scrape completed Mon Jan 22 2024 16:34:49 GMT+0800 (Australian Western Standard Time)
Scrape completed Mon Jan 22 2024 16:39:53 GMT+0800 (Australian Western Standard Time)
Scrape completed Mon Jan 22 2024 16:44:47 GMT+0800 (Australian Western Standard Time)
Scrape completed Mon Jan 22 2024 16:49:49 GMT+0800 (Australian Western Standard Time)
Scrape completed Mon Jan 22 2024 16:54:49 GMT+0800 (Australian Western Standard Time)
Scrape completed Mon Jan 22 2024 16:59:53 GMT+0800 (Australian Western Standard Time)
Scrape completed Mon Jan 22 2024 17:04:48 GMT+0800 (Australian Western Standard Time)
Scrape completed Mon Jan 22 2024 17:09:52 GMT+0800 (Australian Western Standard Time)
Scrape completed Mon Jan 22 2024 17:14:48 GMT+0800 (Australian Western Standard Time)
Scrape completed Mon Jan 22 2024 17:19:48 GMT+0800 (Australian Western Standard Time)
Scrape completed Mon Jan 22 2024 17:24:48 GMT+0800 (Australian Western Standard Time)
Scrape completed Mon Jan 22 2024 17:29:48 GMT+0800 (Australian Western Standard Time)
Scrape completed Mon Jan 22 2024 17:34:48 GMT+0800 (Australian Western Standard Time)
Scrape completed Mon Jan 22 2024 17:39:49 GMT+0800 (Australian Western Standard Time)
Scrape completed Mon Jan 22 2024 17:44:54 GMT+0800 (Australian Western Standard Time)
Scrape completed Mon Jan 22 2024 17:49:50 GMT+0800 (Australian Western Standard Time)
Scrape completed Mon Jan 22 2024 17:54:48 GMT+0800 (Australian Western Standard Time)
Scrape completed Mon Jan 22 2024 17:59:49 GMT+0800 (Australian Western Standard Time)
Scrape completed Mon Jan 22 2024 18:04:49 GMT+0800 (Australian Western Standard Time)
Scrape completed Mon Jan 22 2024 18:09:49 GMT+0800 (Australian Western Standard Time)
Scrape completed Mon Jan 22 2024 18:14:51 GMT+0800 (Australian Western Standard Time)
Scrape completed Mon Jan 22 2024 18:19:49 GMT+0800 (Australian Western Standard Time)
Scrape completed Mon Jan 22 2024 18:24:49 GMT+0800 (Australian Western Standard Time)
Scrape completed Mon Jan 22 2024 18:29:50 GMT+0800 (Australian Western Standard Time)
Scrape completed Mon Jan 22 2024 18:34:50 GMT+0800 (Australian Western Standard Time)
Scrape completed Mon Jan 22 2024 18:39:49 GMT+0800 (Australian Western Standard Time)
Scrape completed Mon Jan 22 2024 18:44:50 GMT+0800 (Australian Western Standard Time)
Scrape completed Mon Jan 22 2024 18:49:49 GMT+0800 (Australian Western Standard Time)
Scrape completed Mon Jan 22 2024 18:54:52 GMT+0800 (Australian Western Standard Time)
Scrape completed Mon Jan 22 2024 18:59:49 GMT+0800 (Australian Western Standard Time)
Scrape completed Mon Jan 22 2024 19:04:50 GMT+0800 (Australian Western Standard Time)
Scrape completed Mon Jan 22 2024 19:09:51 GMT+0800 (Australian Western Standard Time)
Scrape completed Mon Jan 22 2024 19:14:51 GMT+0800 (Australian Western Standard Time)
Scrape completed Mon Jan 22 2024 19:19:50 GMT+0800 (Australian Western Standard Time)
Scrape completed Mon Jan 22 2024 19:24:50 GMT+0800 (Australian Western Standard Time)
Scrape completed Mon Jan 22 2024 19:29:51 GMT+0800 (Australian Western Standard Time)
Scrape completed Mon Jan 22 2024 19:34:50 GMT+0800 (Australian Western Standard Time)
Scrape completed Mon Jan 22 2024 19:39:50 GMT+0800 (Australian Western Standard Time)
Scrape completed Mon Jan 22 2024 19:44:51 GMT+0800 (Australian Western Standard Time)
Scrape completed Mon Jan 22 2024 19:49:52 GMT+0800 (Australian Western Standard Time)
Scrape completed Mon Jan 22 2024 19:54:51 GMT+0800 (Australian Western Standard Time)
Scrape completed Mon Jan 22 2024 19:59:51 GMT+0800 (Australian Western Standard Time)
Scrape completed Mon Jan 22 2024 20:04:51 GMT+0800 (Australian Western Standard Time)
Scrape completed Mon Jan 22 2024 20:09:51 GMT+0800 (Australian Western Standard Time)
Scrape completed Mon Jan 22 2024 20:14:51 GMT+0800 (Australian Western Standard Time)
Scrape completed Mon Jan 22 2024 20:19:52 GMT+0800 (Australian Western Standard Time)
Scrape completed Mon Jan 22 2024 20:24:53 GMT+0800 (Australian Western Standard Time)
Scrape completed Mon Jan 22 2024 20:29:53 GMT+0800 (Australian Western Standard Time)
Scrape completed Mon Jan 22 2024 20:34:52 GMT+0800 (Australian Western Standard Time)
Scrape completed Mon Jan 22 2024 20:39:57 GMT+0800 (Australian Western Standard Time)
Scrape completed Mon Jan 22 2024 20:44:53 GMT+0800 (Australian Western Standard Time)
Scrape completed Mon Jan 22 2024 20:49:53 GMT+0800 (Australian Western Standard Time)
Scrape completed Mon Jan 22 2024 20:54:54 GMT+0800 (Australian Western Standard Time)
Scrape completed Mon Jan 22 2024 20:59:54 GMT+0800 (Australian Western Standard Time)
Scrape completed Mon Jan 22 2024 21:04:52 GMT+0800 (Australian Western Standard Time)
Scrape completed Mon Jan 22 2024 21:09:52 GMT+0800 (Australian Western Standard Time)
Scrape completed Mon Jan 22 2024 21:14:54 GMT+0800 (Australian Western Standard Time)
Scrape completed Mon Jan 22 2024 21:19:52 GMT+0800 (Australian Western Standard Time)
Scrape completed Mon Jan 22 2024 21:24:52 GMT+0800 (Australian Western Standard Time)
Scrape completed Mon Jan 22 2024 21:29:57 GMT+0800 (Australian Western Standard Time)
Scrape completed Mon Jan 22 2024 21:34:53 GMT+0800 (Australian Western Standard Time)
Scrape completed Mon Jan 22 2024 21:39:51 GMT+0800 (Australian Western Standard Time)
Scrape completed Mon Jan 22 2024 21:44:58 GMT+0800 (Australian Western Standard Time)
Scrape completed Mon Jan 22 2024 21:49:55 GMT+0800 (Australian Western Standard Time)
Scrape completed Mon Jan 22 2024 21:54:53 GMT+0800 (Australian Western Standard Time)
Scrape completed Mon Jan 22 2024 21:59:53 GMT+0800 (Australian Western Standard Time)
Scrape completed Mon Jan 22 2024 22:04:52 GMT+0800 (Australian Western Standard Time)
Scrape completed Mon Jan 22 2024 22:09:53 GMT+0800 (Australian Western Standard Time)
Scrape completed Mon Jan 22 2024 22:14:53 GMT+0800 (Australian Western Standard Time)
Scrape completed Mon Jan 22 2024 22:19:52 GMT+0800 (Australian Western Standard Time)
Scrape completed Mon Jan 22 2024 22:24:53 GMT+0800 (Australian Western Standard Time)
Scrape completed Mon Jan 22 2024 22:29:59 GMT+0800 (Australian Western Standard Time)
Scrape completed Mon Jan 22 2024 22:34:55 GMT+0800 (Australian Western Standard Time)
Scrape completed Mon Jan 22 2024 22:39:54 GMT+0800 (Australian Western Standard Time)
Scrape completed Mon Jan 22 2024 22:44:55 GMT+0800 (Australian Western Standard Time)
Scrape completed Mon Jan 22 2024 22:49:54 GMT+0800 (Australian Western Standard Time)
Scrape completed Mon Jan 22 2024 22:54:54 GMT+0800 (Australian Western Standard Time)
Scrape completed Mon Jan 22 2024 22:59:55 GMT+0800 (Australian Western Standard Time)
Scrape completed Mon Jan 22 2024 23:04:54 GMT+0800 (Australian Western Standard Time)
Scrape completed Mon Jan 22 2024 23:09:55 GMT+0800 (Australian Western Standard Time)
Scrape completed Mon Jan 22 2024 23:14:55 GMT+0800 (Australian Western Standard Time)
Scrape completed Mon Jan 22 2024 23:19:54 GMT+0800 (Australian Western Standard Time)
Scrape completed Mon Jan 22 2024 23:24:59 GMT+0800 (Australian Western Standard Time)
Scrape completed Mon Jan 22 2024 23:29:54 GMT+0800 (Australian Western Standard Time)
Scrape completed Mon Jan 22 2024 23:34:54 GMT+0800 (Australian Western Standard Time)
Scrape completed Mon Jan 22 2024 23:39:55 GMT+0800 (Australian Western Standard Time)
Scrape completed Mon Jan 22 2024 23:44:56 GMT+0800 (Australian Western Standard Time)
Scrape completed Mon Jan 22 2024 23:49:55 GMT+0800 (Australian Western Standard Time)
Scrape completed Mon Jan 22 2024 23:54:54 GMT+0800 (Australian Western Standard Time)
Scrape completed Mon Jan 22 2024 23:59:55 GMT+0800 (Australian Western Standard Time)
Scrape completed Tue Jan 23 2024 00:04:55 GMT+0800 (Australian Western Standard Time)
Scrape completed Tue Jan 23 2024 00:09:57 GMT+0800 (Australian Western Standard Time)
Scrape completed Tue Jan 23 2024 00:14:55 GMT+0800 (Australian Western Standard Time)
Scrape completed Tue Jan 23 2024 00:19:56 GMT+0800 (Australian Western Standard Time)
Scrape completed Tue Jan 23 2024 00:24:56 GMT+0800 (Australian Western Standard Time)
Scrape completed Tue Jan 23 2024 00:29:56 GMT+0800 (Australian Western Standard Time)
Scrape completed Tue Jan 23 2024 00:34:56 GMT+0800 (Australian Western Standard Time)
Scrape completed Tue Jan 23 2024 00:40:01 GMT+0800 (Australian Western Standard Time)
Scrape completed Tue Jan 23 2024 00:44:56 GMT+0800 (Australian Western Standard Time)
Scrape completed Tue Jan 23 2024 00:50:00 GMT+0800 (Australian Western Standard Time)
Scrape completed Tue Jan 23 2024 00:54:55 GMT+0800 (Australian Western Standard Time)
Scrape completed Tue Jan 23 2024 00:59:56 GMT+0800 (Australian Western Standard Time)
Scrape completed Tue Jan 23 2024 01:04:56 GMT+0800 (Australian Western Standard Time)
Scrape completed Tue Jan 23 2024 01:09:56 GMT+0800 (Australian Western Standard Time)
Scrape completed Tue Jan 23 2024 01:14:56 GMT+0800 (Australian Western Standard Time)
Scrape completed Tue Jan 23 2024 01:19:57 GMT+0800 (Australian Western Standard Time)
Scrape completed Tue Jan 23 2024 01:24:56 GMT+0800 (Australian Western Standard Time)
Scrape completed Tue Jan 23 2024 01:29:59 GMT+0800 (Australian Western Standard Time)
Scrape completed Tue Jan 23 2024 01:34:57 GMT+0800 (Australian Western Standard Time)
Scrape completed Tue Jan 23 2024 01:39:56 GMT+0800 (Australian Western Standard Time)
Scrape completed Tue Jan 23 2024 01:44:56 GMT+0800 (Australian Western Standard Time)
Scrape completed Tue Jan 23 2024 01:49:56 GMT+0800 (Australian Western Standard Time)
Scrape completed Tue Jan 23 2024 01:54:56 GMT+0800 (Australian Western Standard Time)
Scrape completed Tue Jan 23 2024 01:59:57 GMT+0800 (Australian Western Standard Time)
Scrape completed Tue Jan 23 2024 02:04:57 GMT+0800 (Australian Western Standard Time)
Scrape completed Tue Jan 23 2024 02:09:57 GMT+0800 (Australian Western Standard Time)
Scrape completed Tue Jan 23 2024 02:14:57 GMT+0800 (Australian Western Standard Time)
Scrape completed Tue Jan 23 2024 02:19:57 GMT+0800 (Australian Western Standard Time)
Scrape completed Tue Jan 23 2024 02:24:58 GMT+0800 (Australian Western Standard Time)
Scrape completed Tue Jan 23 2024 02:29:59 GMT+0800 (Australian Western Standard Time)
Scrape completed Tue Jan 23 2024 02:34:58 GMT+0800 (Australian Western Standard Time)
Scrape completed Tue Jan 23 2024 02:39:57 GMT+0800 (Australian Western Standard Time)
Scrape completed Tue Jan 23 2024 02:44:59 GMT+0800 (Australian Western Standard Time)
Scrape completed Tue Jan 23 2024 02:49:57 GMT+0800 (Australian Western Standard Time)
Scrape completed Tue Jan 23 2024 02:54:58 GMT+0800 (Australian Western Standard Time)
Scrape completed Tue Jan 23 2024 02:59:58 GMT+0800 (Australian Western Standard Time)
Scrape completed Tue Jan 23 2024 03:05:04 GMT+0800 (Australian Western Standard Time)
Scrape completed Tue Jan 23 2024 03:09:58 GMT+0800 (Australian Western Standard Time)
Scrape completed Tue Jan 23 2024 03:15:02 GMT+0800 (Australian Western Standard Time)
Scrape completed Tue Jan 23 2024 03:19:58 GMT+0800 (Australian Western Standard Time)
Scrape completed Tue Jan 23 2024 03:24:58 GMT+0800 (Australian Western Standard Time)
Scrape completed Tue Jan 23 2024 03:29:58 GMT+0800 (Australian Western Standard Time)
Scrape completed Tue Jan 23 2024 03:34:58 GMT+0800 (Australian Western Standard Time)
Scrape completed Tue Jan 23 2024 03:39:58 GMT+0800 (Australian Western Standard Time)
Scrape completed Tue Jan 23 2024 03:44:58 GMT+0800 (Australian Western Standard Time)
Scrape completed Tue Jan 23 2024 03:49:58 GMT+0800 (Australian Western Standard Time)
Scrape completed Tue Jan 23 2024 03:54:58 GMT+0800 (Australian Western Standard Time)
Scrape completed Tue Jan 23 2024 03:59:58 GMT+0800 (Australian Western Standard Time)
Scrape completed Tue Jan 23 2024 04:04:58 GMT+0800 (Australian Western Standard Time)
Scrape completed Tue Jan 23 2024 04:09:58 GMT+0800 (Australian Western Standard Time)
Scrape completed Tue Jan 23 2024 04:14:58 GMT+0800 (Australian Western Standard Time)
Scrape completed Tue Jan 23 2024 04:19:59 GMT+0800 (Australian Western Standard Time)
Scrape completed Tue Jan 23 2024 04:24:58 GMT+0800 (Australian Western Standard Time)
Scrape completed Tue Jan 23 2024 04:30:04 GMT+0800 (Australian Western Standard Time)
Scrape completed Tue Jan 23 2024 04:35:02 GMT+0800 (Australian Western Standard Time)
Scrape completed Tue Jan 23 2024 04:39:59 GMT+0800 (Australian Western Standard Time)
Scrape completed Tue Jan 23 2024 04:45:00 GMT+0800 (Australian Western Standard Time)
Scrape completed Tue Jan 23 2024 04:49:59 GMT+0800 (Australian Western Standard Time)
Scrape completed Tue Jan 23 2024 04:54:59 GMT+0800 (Australian Western Standard Time)
Scrape completed Tue Jan 23 2024 05:00:00 GMT+0800 (Australian Western Standard Time)
Scrape completed Tue Jan 23 2024 05:05:00 GMT+0800 (Australian Western Standard Time)
Scrape completed Tue Jan 23 2024 05:10:00 GMT+0800 (Australian Western Standard Time)
Scrape completed Tue Jan 23 2024 05:14:59 GMT+0800 (Australian Western Standard Time)
Scrape completed Tue Jan 23 2024 05:20:00 GMT+0800 (Australian Western Standard Time)
Scrape completed Tue Jan 23 2024 05:25:00 GMT+0800 (Australian Western Standard Time)
Scrape completed Tue Jan 23 2024 05:30:00 GMT+0800 (Australian Western Standard Time)
Scrape completed Tue Jan 23 2024 05:35:00 GMT+0800 (Australian Western Standard Time)
Scrape completed Tue Jan 23 2024 05:40:00 GMT+0800 (Australian Western Standard Time)
Scrape completed Tue Jan 23 2024 05:45:00 GMT+0800 (Australian Western Standard Time)
Scrape completed Tue Jan 23 2024 05:50:00 GMT+0800 (Australian Western Standard Time)
Scrape completed Tue Jan 23 2024 05:55:00 GMT+0800 (Australian Western Standard Time)
Scrape completed Tue Jan 23 2024 06:00:00 GMT+0800 (Australian Western Standard Time)
Scrape completed Tue Jan 23 2024 06:05:00 GMT+0800 (Australian Western Standard Time)
Scrape completed Tue Jan 23 2024 06:10:00 GMT+0800 (Australian Western Standard Time)
Scrape completed Tue Jan 23 2024 06:15:00 GMT+0800 (Australian Western Standard Time)
Scrape completed Tue Jan 23 2024 06:20:01 GMT+0800 (Australian Western Standard Time)
Scrape completed Tue Jan 23 2024 06:25:01 GMT+0800 (Australian Western Standard Time)
Scrape completed Tue Jan 23 2024 06:30:03 GMT+0800 (Australian Western Standard Time)
Scrape completed Tue Jan 23 2024 06:35:03 GMT+0800 (Australian Western Standard Time)
Scrape completed Tue Jan 23 2024 06:40:01 GMT+0800 (Australian Western Standard Time)
Scrape completed Tue Jan 23 2024 06:45:02 GMT+0800 (Australian Western Standard Time)
Scrape completed Tue Jan 23 2024 06:50:01 GMT+0800 (Australian Western Standard Time)
Scrape completed Tue Jan 23 2024 06:55:02 GMT+0800 (Australian Western Standard Time)
Scrape completed Tue Jan 23 2024 07:00:01 GMT+0800 (Australian Western Standard Time)
Scrape completed Tue Jan 23 2024 07:05:02 GMT+0800 (Australian Western Standard Time)
Scrape completed Tue Jan 23 2024 07:10:02 GMT+0800 (Australian Western Standard Time)
Scrape completed Tue Jan 23 2024 07:15:03 GMT+0800 (Australian Western Standard Time)
Scrape completed Tue Jan 23 2024 07:20:12 GMT+0800 (Australian Western Standard Time)
Scrape completed Tue Jan 23 2024 07:25:02 GMT+0800 (Australian Western Standard Time)
Scrape completed Tue Jan 23 2024 07:30:02 GMT+0800 (Australian Western Standard Time)
Scrape completed Tue Jan 23 2024 07:35:09 GMT+0800 (Australian Western Standard Time)
Scrape completed Tue Jan 23 2024 07:40:04 GMT+0800 (Australian Western Standard Time)
Scrape completed Tue Jan 23 2024 07:45:09 GMT+0800 (Australian Western Standard Time)
Scrape completed Tue Jan 23 2024 07:50:05 GMT+0800 (Australian Western Standard Time)
Scrape completed Tue Jan 23 2024 07:55:08 GMT+0800 (Australian Western Standard Time)
Scrape completed Tue Jan 23 2024 08:00:06 GMT+0800 (Australian Western Standard Time)
Scrape completed Tue Jan 23 2024 08:05:05 GMT+0800 (Australian Western Standard Time)
Scrape completed Tue Jan 23 2024 08:10:03 GMT+0800 (Australian Western Standard Time)
Scrape completed Tue Jan 23 2024 08:15:05 GMT+0800 (Australian Western Standard Time)
Scrape completed Tue Jan 23 2024 08:20:10 GMT+0800 (Australian Western Standard Time)
Scrape completed Tue Jan 23 2024 08:25:05 GMT+0800 (Australian Western Standard Time)
Scrape completed Tue Jan 23 2024 08:30:09 GMT+0800 (Australian Western Standard Time)
Scrape completed Tue Jan 23 2024 08:35:06 GMT+0800 (Australian Western Standard Time)
Scrape completed Tue Jan 23 2024 08:40:05 GMT+0800 (Australian Western Standard Time)
Scrape completed Tue Jan 23 2024 08:45:04 GMT+0800 (Australian Western Standard Time)
Scrape completed Tue Jan 23 2024 08:50:05 GMT+0800 (Australian Western Standard Time)
Scrape completed Tue Jan 23 2024 08:55:05 GMT+0800 (Australian Western Standard Time)
Scrape completed Tue Jan 23 2024 09:00:08 GMT+0800 (Australian Western Standard Time)
Scrape completed Tue Jan 23 2024 09:05:05 GMT+0800 (Australian Western Standard Time)
Scrape completed Tue Jan 23 2024 09:10:08 GMT+0800 (Australian Western Standard Time)
Scrape completed Tue Jan 23 2024 09:15:06 GMT+0800 (Australian Western Standard Time)
Scrape completed Tue Jan 23 2024 09:20:06 GMT+0800 (Australian Western Standard Time)
Scrape completed Tue Jan 23 2024 09:25:05 GMT+0800 (Australian Western Standard Time)
Scrape completed Tue Jan 23 2024 09:30:06 GMT+0800 (Australian Western Standard Time)
Scrape completed Tue Jan 23 2024 09:35:05 GMT+0800 (Australian Western Standard Time)
Scrape completed Tue Jan 23 2024 09:40:06 GMT+0800 (Australian Western Standard Time)
Scrape completed Tue Jan 23 2024 09:45:05 GMT+0800 (Australian Western Standard Time)
Scrape completed Tue Jan 23 2024 09:50:08 GMT+0800 (Australian Western Standard Time)
Scrape completed Tue Jan 23 2024 09:55:08 GMT+0800 (Australian Western Standard Time)
Scrape completed Tue Jan 23 2024 10:00:08 GMT+0800 (Australian Western Standard Time)
Scrape completed Tue Jan 23 2024 10:04:48 GMT+0800 (Australian Western Standard Time)
Scrape completed Tue Jan 23 2024 10:09:47 GMT+0800 (Australian Western Standard Time)
Scrape completed Tue Jan 23 2024 10:14:46 GMT+0800 (Australian Western Standard Time)
Scrape completed Tue Jan 23 2024 10:19:46 GMT+0800 (Australian Western Standard Time)
Scrape completed Tue Jan 23 2024 10:24:46 GMT+0800 (Australian Western Standard Time)
Scrape completed Tue Jan 23 2024 10:29:47 GMT+0800 (Australian Western Standard Time)
Scrape completed Tue Jan 23 2024 10:35:08 GMT+0800 (Australian Western Standard Time)
Scrape completed Tue Jan 23 2024 10:40:07 GMT+0800 (Australian Western Standard Time)
Scrape completed Tue Jan 23 2024 10:45:07 GMT+0800 (Australian Western Standard Time)
Scrape completed Tue Jan 23 2024 10:50:07 GMT+0800 (Australian Western Standard Time)
Scrape completed Tue Jan 23 2024 10:55:07 GMT+0800 (Australian Western Standard Time)
Scrape completed Tue Jan 23 2024 11:00:06 GMT+0800 (Australian Western Standard Time)
Scrape completed Tue Jan 23 2024 11:05:07 GMT+0800 (Australian Western Standard Time)
Scrape completed Tue Jan 23 2024 11:10:08 GMT+0800 (Australian Western Standard Time)
Scrape completed Tue Jan 23 2024 11:15:08 GMT+0800 (Australian Western Standard Time)
Scrape completed Tue Jan 23 2024 11:20:11 GMT+0800 (Australian Western Standard Time)
Scrape completed Tue Jan 23 2024 11:25:08 GMT+0800 (Australian Western Standard Time)
Scrape completed Tue Jan 23 2024 11:30:10 GMT+0800 (Australian Western Standard Time)
Scrape completed Tue Jan 23 2024 11:35:11 GMT+0800 (Australian Western Standard Time)
Scrape completed Tue Jan 23 2024 11:40:11 GMT+0800 (Australian Western Standard Time)
Scrape completed Tue Jan 23 2024 11:45:08 GMT+0800 (Australian Western Standard Time)
Scrape completed Tue Jan 23 2024 11:50:07 GMT+0800 (Australian Western Standard Time)
Scrape completed Tue Jan 23 2024 11:55:08 GMT+0800 (Australian Western Standard Time)
Scrape completed Tue Jan 23 2024 12:00:10 GMT+0800 (Australian Western Standard Time)
Scrape completed Tue Jan 23 2024 12:05:10 GMT+0800 (Australian Western Standard Time)
Scrape completed Tue Jan 23 2024 12:10:08 GMT+0800 (Australian Western Standard Time)
Scrape completed Tue Jan 23 2024 12:15:11 GMT+0800 (Australian Western Standard Time)
Scrape completed Tue Jan 23 2024 12:20:08 GMT+0800 (Australian Western Standard Time)
Scrape completed Tue Jan 23 2024 12:25:11 GMT+0800 (Australian Western Standard Time)
Scrape completed Tue Jan 23 2024 12:30:08 GMT+0800 (Australian Western Standard Time)
Scrape completed Tue Jan 23 2024 12:35:09 GMT+0800 (Australian Western Standard Time)
Scrape completed Tue Jan 23 2024 12:40:12 GMT+0800 (Australian Western Standard Time)
Scrape completed Tue Jan 23 2024 12:45:12 GMT+0800 (Australian Western Standard Time)
Scrape completed Tue Jan 23 2024 12:50:08 GMT+0800 (Australian Western Standard Time)
Scrape completed Tue Jan 23 2024 12:55:09 GMT+0800 (Australian Western Standard Time)
Scrape completed Tue Jan 23 2024 13:00:09 GMT+0800 (Australian Western Standard Time)
Scrape completed Tue Jan 23 2024 13:05:08 GMT+0800 (Australian Western Standard Time)
Scrape completed Tue Jan 23 2024 13:10:09 GMT+0800 (Australian Western Standard Time)
Scrape completed Tue Jan 23 2024 13:15:09 GMT+0800 (Australian Western Standard Time)
Scrape completed Tue Jan 23 2024 13:20:07 GMT+0800 (Australian Western Standard Time)
Scrape completed Tue Jan 23 2024 13:25:10 GMT+0800 (Australian Western Standard Time)
Scrape completed Tue Jan 23 2024 13:30:08 GMT+0800 (Australian Western Standard Time)
Scrape completed Tue Jan 23 2024 13:35:09 GMT+0800 (Australian Western Standard Time)
Scrape completed Tue Jan 23 2024 13:40:09 GMT+0800 (Australian Western Standard Time)
Scrape completed Tue Jan 23 2024 13:45:08 GMT+0800 (Australian Western Standard Time)
Scrape completed Tue Jan 23 2024 13:50:10 GMT+0800 (Australian Western Standard Time)
Scrape completed Tue Jan 23 2024 13:55:09 GMT+0800 (Australian Western Standard Time)
Scrape completed Tue Jan 23 2024 14:00:13 GMT+0800 (Australian Western Standard Time)
Scrape completed Tue Jan 23 2024 14:05:10 GMT+0800 (Australian Western Standard Time)
Scrape completed Tue Jan 23 2024 14:10:10 GMT+0800 (Australian Western Standard Time)
Scrape completed Tue Jan 23 2024 14:15:08 GMT+0800 (Australian Western Standard Time)
Scrape completed Tue Jan 23 2024 14:20:10 GMT+0800 (Australian Western Standard Time)
Scrape completed Tue Jan 23 2024 14:25:10 GMT+0800 (Australian Western Standard Time)
Scrape completed Tue Jan 23 2024 14:30:10 GMT+0800 (Australian Western Standard Time)
Scrape completed Tue Jan 23 2024 14:35:12 GMT+0800 (Australian Western Standard Time)
Scrape completed Tue Jan 23 2024 14:40:10 GMT+0800 (Australian Western Standard Time)
Scrape completed Tue Jan 23 2024 14:45:09 GMT+0800 (Australian Western Standard Time)
Scrape completed Tue Jan 23 2024 14:50:09 GMT+0800 (Australian Western Standard Time)
Scrape completed Tue Jan 23 2024 14:55:09 GMT+0800 (Australian Western Standard Time)
Scrape completed Tue Jan 23 2024 15:00:10 GMT+0800 (Australian Western Standard Time)
Scrape completed Tue Jan 23 2024 15:04:49 GMT+0800 (Australian Western Standard Time)
Scrape completed Tue Jan 23 2024 15:09:48 GMT+0800 (Australian Western Standard Time)
Scrape completed Tue Jan 23 2024 15:14:48 GMT+0800 (Australian Western Standard Time)
Scrape completed Tue Jan 23 2024 15:19:49 GMT+0800 (Australian Western Standard Time)
Scrape completed Tue Jan 23 2024 15:24:49 GMT+0800 (Australian Western Standard Time)
Scrape completed Tue Jan 23 2024 15:29:49 GMT+0800 (Australian Western Standard Time)
Scrape completed Tue Jan 23 2024 15:34:49 GMT+0800 (Australian Western Standard Time)
Scrape completed Tue Jan 23 2024 15:39:49 GMT+0800 (Australian Western Standard Time)
Scrape completed Tue Jan 23 2024 15:44:49 GMT+0800 (Australian Western Standard Time)
Scrape completed Tue Jan 23 2024 15:49:49 GMT+0800 (Australian Western Standard Time)
Scrape completed Tue Jan 23 2024 15:54:50 GMT+0800 (Australian Western Standard Time)
Scrape completed Tue Jan 23 2024 15:59:50 GMT+0800 (Australian Western Standard Time)
Scrape completed Tue Jan 23 2024 16:04:49 GMT+0800 (Australian Western Standard Time)
Scrape completed Tue Jan 23 2024 16:09:57 GMT+0800 (Australian Western Standard Time)
Scrape completed Tue Jan 23 2024 16:14:49 GMT+0800 (Australian Western Standard Time)
Scrape completed Tue Jan 23 2024 16:19:50 GMT+0800 (Australian Western Standard Time)
Scrape completed Tue Jan 23 2024 16:24:51 GMT+0800 (Australian Western Standard Time)
Scrape completed Tue Jan 23 2024 16:29:51 GMT+0800 (Australian Western Standard Time)
Scrape completed Tue Jan 23 2024 16:34:51 GMT+0800 (Australian Western Standard Time)
Scrape completed Tue Jan 23 2024 16:39:51 GMT+0800 (Australian Western Standard Time)
Scrape completed Tue Jan 23 2024 16:44:50 GMT+0800 (Australian Western Standard Time)
Scrape completed Tue Jan 23 2024 16:49:52 GMT+0800 (Australian Western Standard Time)
Scrape completed Tue Jan 23 2024 16:54:50 GMT+0800 (Australian Western Standard Time)
Scrape completed Tue Jan 23 2024 16:59:50 GMT+0800 (Australian Western Standard Time)
Scrape completed Tue Jan 23 2024 17:04:53 GMT+0800 (Australian Western Standard Time)
Scrape completed Tue Jan 23 2024 17:09:51 GMT+0800 (Australian Western Standard Time)
Scrape completed Tue Jan 23 2024 17:14:53 GMT+0800 (Australian Western Standard Time)
Scrape completed Tue Jan 23 2024 17:19:51 GMT+0800 (Australian Western Standard Time)
Scrape completed Tue Jan 23 2024 17:24:53 GMT+0800 (Australian Western Standard Time)
Scrape completed Tue Jan 23 2024 17:29:52 GMT+0800 (Australian Western Standard Time)
Scrape completed Tue Jan 23 2024 17:34:51 GMT+0800 (Australian Western Standard Time)
page.goto: Timeout 30000ms exceeded.
Call log:
  [2m- navigating to "https://www.adoptapet.com.au/search?animal_type=custom-mapping-2&state=6&location=0&breed=0&colour=0&sex=0&name=", waiting until "load"[22m

    at /home/nate-pi/code/cat-acquisition-tool/out/index.js:40:16
    at fulfilled (/home/nate-pi/code/cat-acquisition-tool/out/index.js:4:58) {
  name: 'TimeoutError'
}
